<?xml version="1.0" encoding="UTF-8"?>
<!-- Generated by org.testng.reporters.JUnitReportReporter -->
<testsuite skipped="0" hostname="RHJ-14F-D466" name="com.SeleniumPage.SeleniumPage1" tests="1" failures="0" timestamp="11 Sep 2018 05:14:05 GMT" time="8.757" errors="0">
  <testcase name="test" time="8.757" classname="com.SeleniumPage.SeleniumPage1"/>
</testsuite> <!-- com.SeleniumPage.SeleniumPage1 -->
